Running main() from /build/googletest-j5yxiC/googletest-1.10.0/googletest/src/gtest_main.cc
[==========] Running 13 tests from 1 test suite.
[----------] Global test environment set-up.
[----------] 13 tests from conjunto_test
[ RUN      ] conjunto_test.conjunto_vacio
[       OK ] conjunto_test.conjunto_vacio (0 ms)
[ RUN      ] conjunto_test.test_insertar_un_valor
[       OK ] conjunto_test.test_insertar_un_valor (0 ms)
[ RUN      ] conjunto_test.test_insertar_cinco_valores
[       OK ] conjunto_test.test_insertar_cinco_valores (0 ms)
[ RUN      ] conjunto_test.test_pertenece
[       OK ] conjunto_test.test_pertenece (0 ms)
[ RUN      ] conjunto_test.test_insertar_remover_un_valor
[       OK ] conjunto_test.test_insertar_remover_un_valor (0 ms)
[ RUN      ] conjunto_test.test_minimo
[       OK ] conjunto_test.test_minimo (0 ms)
[ RUN      ] conjunto_test.test_maximo
[       OK ] conjunto_test.test_maximo (0 ms)
[ RUN      ] conjunto_test.test_remover_caso_un_hijo
[       OK ] conjunto_test.test_remover_caso_un_hijo (0 ms)
[ RUN      ] conjunto_test.test_remover_caso_dos_hijos_simple
[       OK ] conjunto_test.test_remover_caso_dos_hijos_simple (0 ms)
[ RUN      ] conjunto_test.test_remover_caso_dos_hijos_raiz
[       OK ] conjunto_test.test_remover_caso_dos_hijos_raiz (0 ms)
[ RUN      ] conjunto_test.test_remover_caso_dos_hijos_doble
[       OK ] conjunto_test.test_remover_caso_dos_hijos_doble (0 ms)
[ RUN      ] conjunto_test.test_siguiente_inorder
[       OK ] conjunto_test.test_siguiente_inorder (0 ms)
[ RUN      ] conjunto_test.test_stress
../../../../../taller2/conjunto-tests.cpp:177: Failure
Value of: c.pertenece(k)
  Actual: false
Expected: true
[  FAILED  ] conjunto_test.test_stress (15 ms)
[----------] 13 tests from conjunto_test (16 ms total)

[----------] Global test environment tear-down
[==========] 13 tests from 1 test suite ran. (16 ms total)
[  PASSED  ] 12 tests.
[  FAILED  ] 1 test, listed below:
[  FAILED  ] conjunto_test.test_stress

 1 FAILED TEST
